<?xml version="1.0" encoding="UTF-8"?>
<coverage generated="1649041354509" clover="3.2.0">
  <project timestamp="1649041354509" name="All files">
    <metrics statements="26" coveredstatements="25" conditionals="0" coveredconditionals="0" methods="14" coveredmethods="13" elements="40" coveredelements="38" complexity="0" loc="26" ncloc="26" packages="1" files="4" classes="4"/>
    <file name="Employee.js" path="/Users/noahslusher1/Desktop/projects/team-profile/lib/Employee.js">
      <metrics statements="8" coveredstatements="8" conditionals="0" coveredconditionals="0" methods="5" coveredmethods="5"/>
      <line num="3" count="19" type="stmt"/>
      <line num="4" count="19" type="stmt"/>
      <line num="5" count="19" type="stmt"/>
      <line num="9" count="1" type="stmt"/>
      <line num="13" count="1" type="stmt"/>
      <line num="17" count="1" type="stmt"/>
      <line num="21" count="1" type="stmt"/>
      <line num="29" count="4" type="stmt"/>
    </file>
    <file name="Engineer.js" path="/Users/noahslusher1/Desktop/projects/team-profile/lib/Engineer.js">
      <metrics statements="6" coveredstatements="6" conditionals="0" coveredconditionals="0" methods="3" coveredmethods="3"/>
      <line num="1" count="1" type="stmt"/>
      <line num="5" count="4" type="stmt"/>
      <line num="7" count="4" type="stmt"/>
      <line num="11" count="1" type="stmt"/>
      <line num="15" count="1" type="stmt"/>
      <line num="19" count="1" type="stmt"/>
    </file>
    <file name="Intern.js" path="/Users/noahslusher1/Desktop/projects/team-profile/lib/Intern.js">
      <metrics statements="6" coveredstatements="6" conditionals="0" coveredconditionals="0" methods="3" coveredmethods="3"/>
      <line num="1" count="1" type="stmt"/>
      <line num="5" count="4" type="stmt"/>
      <line num="7" count="4" type="stmt"/>
      <line num="11" count="1" type="stmt"/>
      <line num="15" count="1" type="stmt"/>
      <line num="19" count="1" type="stmt"/>
    </file>
    <file name="Manager.js" path="/Users/noahslusher1/Desktop/projects/team-profile/lib/Manager.js">
      <metrics statements="6" coveredstatements="5" conditionals="0" coveredconditionals="0" methods="3" coveredmethods="2"/>
      <line num="1" count="1" type="stmt"/>
      <line num="5" count="3" type="stmt"/>
      <line num="6" count="3" type="stmt"/>
      <line num="10" count="0" type="stmt"/>
      <line num="14" count="1" type="stmt"/>
      <line num="18" count="1" type="stmt"/>
    </file>
  </project>
</coverage>
