<?xml version="1.0" encoding="UTF-8"?>
<coverage generated="1648520112214" clover="3.2.0">
  <project timestamp="1648520112215" name="All files">
    <metrics statements="16" coveredstatements="12" conditionals="0" coveredconditionals="0" methods="8" coveredmethods="4" elements="24" coveredelements="16" complexity="0" loc="16" ncloc="16" packages="1" files="2" classes="2"/>
    <file name="Employee.js" path="/Users/noahslusher1/Desktop/projects/team-profile/lib/Employee.js">
      <metrics statements="8" coveredstatements="4" conditionals="0" coveredconditionals="0" methods="5" coveredmethods="1"/>
      <line num="3" count="3" type="stmt"/>
      <line num="4" count="3" type="stmt"/>
      <line num="5" count="3" type="stmt"/>
      <line num="9" count="0" type="stmt"/>
      <line num="13" count="0" type="stmt"/>
      <line num="17" count="0" type="stmt"/>
      <line num="21" count="0" type="stmt"/>
      <line num="29" count="1" type="stmt"/>
    </file>
    <file name="Manager.js" path="/Users/noahslusher1/Desktop/projects/team-profile/lib/Manager.js">
      <metrics statements="8" coveredstatements="8" conditionals="0" coveredconditionals="0" methods="3" coveredmethods="3"/>
      <line num="1" count="1" type="stmt"/>
      <line num="3" count="1" type="stmt"/>
      <line num="4" count="1" type="stmt"/>
      <line num="6" count="1" type="stmt"/>
      <line num="11" count="3" type="stmt"/>
      <line num="12" count="3" type="stmt"/>
      <line num="16" count="1" type="stmt"/>
      <line num="20" count="1" type="stmt"/>
    </file>
  </project>
</coverage>
